<?xml version="1.0" encoding="UTF-8"?>
<testsuite name="com.stream.social.SocialNetworkUserTestSuite" tests="1" skipped="0" failures="0" errors="0" timestamp="2019-07-13T11:44:18" hostname="Dell-Komputer" time="0.054">
  <properties/>
  <testcase name="testGetLocationsOfFriends" classname="com.stream.social.SocialNetworkUserTestSuite" time="0.054"/>
  <system-out><![CDATA[]]></system-out>
  <system-err><![CDATA[]]></system-err>
</testsuite>
