<?xml version="1.0" encoding="UTF-8"?>
<testsuite name="com.stream.intstream.MovieTestSuite" tests="2" skipped="0" failures="0" errors="0" timestamp="2019-08-22T21:02:23" hostname="Dell-Komputer" time="0.017">
  <properties/>
  <testcase name="testGetListUsingFor" classname="com.stream.intstream.MovieTestSuite" time="0.003"/>
  <testcase name="testGetListUsingIntstream" classname="com.stream.intstream.MovieTestSuite" time="0.013"/>
  <system-out><![CDATA[]]></system-out>
  <system-err><![CDATA[]]></system-err>
</testsuite>
