<?xml version="1.0" encoding="UTF-8"?>
<testsuite name="com.stream.bigdecimal.SandStorageTestSuite" tests="2" skipped="0" failures="0" errors="0" timestamp="2019-08-22T21:02:23" hostname="Dell-Komputer" time="0.027">
  <properties/>
  <testcase name="testGetSandBeansQuantity" classname="com.stream.bigdecimal.SandStorageTestSuite" time="0.014"/>
  <testcase name="testGetSandBeansQuantityWithReduce" classname="com.stream.bigdecimal.SandStorageTestSuite" time="0.012"/>
  <system-out><![CDATA[]]></system-out>
  <system-err><![CDATA[]]></system-err>
</testsuite>
