<?xml version="1.0" encoding="UTF-8"?>
<testsuite name="com.stream.task.BoardTestSuite" tests="1" skipped="0" failures="0" errors="0" timestamp="2019-07-22T19:18:12" hostname="Dell-Komputer" time="0.135">
  <properties/>
  <testcase name="testAddTaskListFindTaskAfterTheDeadline" classname="com.stream.task.BoardTestSuite" time="0.135"/>
  <system-out><![CDATA[]]></system-out>
  <system-err><![CDATA[]]></system-err>
</testsuite>
