<?xml version="1.0" encoding="UTF-8"?>
<testsuite name="com.stream.intstream.MovieTestSuite" tests="1" skipped="0" failures="0" errors="0" timestamp="2019-07-16T21:21:37" hostname="Dell-Komputer" time="0.02">
  <properties/>
  <testcase name="testGetListUsing" classname="com.stream.intstream.MovieTestSuite" time="0.02"/>
  <system-out><![CDATA[]]></system-out>
  <system-err><![CDATA[]]></system-err>
</testsuite>
