<?xml version="1.0" encoding="UTF-8"?>
<testsuite name="com.stream.array.ArrayOperationsTestSuite" tests="1" skipped="0" failures="0" errors="0" timestamp="2019-07-17T20:32:56" hostname="Dell-Komputer" time="0.063">
  <properties/>
  <testcase name="testGetAverage" classname="com.stream.array.ArrayOperationsTestSuite" time="0.063"/>
  <system-out><![CDATA[0
1
2
3
4
5
]]></system-out>
  <system-err><![CDATA[]]></system-err>
</testsuite>
