<?xml version="1.0" encoding="UTF-8"?>
<testsuite name="com.stream.bigdecimal.SandStorageTestSuite" tests="1" skipped="0" failures="0" errors="0" timestamp="2019-07-14T14:42:11" hostname="Dell-Komputer" time="0.029">
  <properties/>
  <testcase name="testGetSandBeansQuantity" classname="com.stream.bigdecimal.SandStorageTestSuite" time="0.029"/>
  <system-out><![CDATA[]]></system-out>
  <system-err><![CDATA[]]></system-err>
</testsuite>
