<?xml version="1.0" encoding="UTF-8"?>
<testsuite name="com.stream.invoice.simple.SimpleInvoiceTestSuite" tests="1" skipped="0" failures="0" errors="0" timestamp="2019-07-13T20:42:49" hostname="Dell-Komputer" time="0.061">
  <properties/>
  <testcase name="testGetValueToPay" classname="com.stream.invoice.simple.SimpleInvoiceTestSuite" time="0.061"/>
  <system-out><![CDATA[]]></system-out>
  <system-err><![CDATA[]]></system-err>
</testsuite>
