<?xml version="1.0" encoding="UTF-8"?>
<testsuite name="com.stream.social.SocialNetworkUserTestSuite" tests="2" skipped="0" failures="0" errors="0" timestamp="2019-08-22T21:02:23" hostname="Dell-Komputer" time="0.023">
  <properties/>
  <testcase name="testGetLocationsOfFriends" classname="com.stream.social.SocialNetworkUserTestSuite" time="0.012"/>
  <testcase name="testOfGetLocationsOfFriendsOfFriends" classname="com.stream.social.SocialNetworkUserTestSuite" time="0.01"/>
  <system-out><![CDATA[]]></system-out>
  <system-err><![CDATA[]]></system-err>
</testsuite>
